<?xml version="1.0" encoding="UTF-8"?>
<!-- Generated by org.testng.reporters.JUnitXMLReporter -->
<testsuite ignored="0" hostname="DESKTOP-R83QAQH" failures="2" tests="2" name="Test2" time="14.634" errors="0" timestamp="2022-09-19T17:36:59 IST">
  <testcase classname="org.sms.admin.testng.CreateStudentAccountTest" name="createstudentaccounttest" time="4.623">
    <failure type="java.lang.AssertionError" message="null">
      <![CDATA[java.lang.AssertionError: null
at org.sms.admin.testng.CreateStudentAccountTest.createstudentaccounttest(CreateStudentAccountTest.java:35)
at java.base/java.util.ArrayList.forEach(ArrayList.java:1511)
... Removed 29 stack frames]]>
    </failure>
  </testcase> <!-- createstudentaccounttest -->
  <testcase classname="org.sms.admin.testng.CreateStudentAccountTest" name="createstudentaccounttest" time="5.737">
    <failure type="java.lang.NullPointerException" message="Cannot invoke &amp;quot;org.openqa.selenium.TakesScreenshot.getScreenshotAs(org.openqa.selenium.OutputType)&amp;quot; because &amp;quot;ts&amp;quot; is null">
      <![CDATA[java.lang.NullPointerException: Cannot invoke "org.openqa.selenium.TakesScreenshot.getScreenshotAs(org.openqa.selenium.OutputType)" because "ts" is null
at org.tyss.SMS_Sandford_Park_School.WebDriverUtility.screenShotLocalSystem(WebDriverUtility.java:286)
at org.tyss.SMS_Sandford_Park_School.ListenerImplementation.onTestFailure(ListenerImplementation.java:39)
at java.base/java.util.ArrayList.forEach(ArrayList.java:1511)
... Removed 24 stack frames]]>
    </failure>
  </testcase> <!-- createstudentaccounttest -->
</testsuite> <!-- Test2 -->
